build/outputs/logs/manifest-merger-debug-report.txt
-- Merging decision tree log ---
manifest
ADDED from as\NBD\AndroidManifest.xml:2:1-52:12
	xmlns:android
		ADDED from as\NBD\AndroidManifest.xml:3:11-69
	package
		ADDED from as\NBD\AndroidManifest.xml:2:11-41
	android:versionName
		ADDED from as\NBD\AndroidManifest.xml:5:11-36
	android:versionCode
		ADDED from as\NBD\AndroidManifest.xml:4:11-34
		INJECTED from as\NBD\AndroidManifest.xml
		INJECTED from as\NBD\AndroidManifest.xml
uses-sdk
ADDED from as\NBD\AndroidManifest.xml:7:5-9:40
	android:targetSdkVersion
		ADDED from as\NBD\AndroidManifest.xml:9:9-38
	android:minSdkVersion
		ADDED from as\NBD\AndroidManifest.xml:8:9-34
application
ADDED from as\NBD\AndroidManifest.xml:11:5-35:19
	android:label
		ADDED from as\NBD\AndroidManifest.xml:15:9-41
	android:allowBackup
		ADDED from as\NBD\AndroidManifest.xml:13:9-35
	android:icon
		ADDED from as\NBD\AndroidManifest.xml:14:9-45
	android:theme
		ADDED from as\NBD\AndroidManifest.xml:16:9-56
	android:name
		ADDED from as\NBD\AndroidManifest.xml:12:9-43
activity#cn.com.nbd.nbdmobile.activity.AppStartActivity
ADDED from as\NBD\AndroidManifest.xml:17:9-25:20
	android:label
		ADDED from as\NBD\AndroidManifest.xml:19:13-45
	android:name
		ADDED from as\NBD\AndroidManifest.xml:18:13-74
intent-filter#android.intent.action.MAIN+android.intent.category.LAUNCHER
ADDED from as\NBD\AndroidManifest.xml:20:13-24:29
action#android.intent.action.MAIN
ADDED from as\NBD\AndroidManifest.xml:21:17-68
	android:name
		ADDED from as\NBD\AndroidManifest.xml:21:25-66
category#android.intent.category.LAUNCHER
ADDED from as\NBD\AndroidManifest.xml:23:17-76
	android:name
		ADDED from as\NBD\AndroidManifest.xml:23:27-74
activity#cn.com.nbd.nbdmobile.activity.MainActivity
ADDED from as\NBD\AndroidManifest.xml:26:9-27:20
	android:name
		ADDED from as\NBD\AndroidManifest.xml:26:19-76
activity#cn.com.nbd.nbdmobile.activity.HomeActivity
ADDED from as\NBD\AndroidManifest.xml:28:9-29:20
	android:name
		ADDED from as\NBD\AndroidManifest.xml:28:19-76
activity#cn.com.nbd.nbdmobile.activity.VideoListActivity
ADDED from as\NBD\AndroidManifest.xml:30:9-31:20
	android:name
		ADDED from as\NBD\AndroidManifest.xml:30:19-81
activity#cn.com.nbd.nbdmobile.activity.NewsPaperActivity
ADDED from as\NBD\AndroidManifest.xml:33:9-34:20
	android:name
		ADDED from as\NBD\AndroidManifest.xml:33:19-81
uses-permission#android.permission.ACCESS_NETWORK_STATE
ADDED from as\NBD\AndroidManifest.xml:37:5-78
	android:name
		ADDED from as\NBD\AndroidManifest.xml:37:22-76
uses-permission#android.permission.INTERNET
ADDED from as\NBD\AndroidManifest.xml:38:5-66
	android:name
		ADDED from as\NBD\AndroidManifest.xml:38:22-64
uses-permission#android.permission.MOUNT_UNMOUNT_FILESYSTEMS
ADDED from as\NBD\AndroidManifest.xml:40:5-83
	android:name
		ADDED from as\NBD\AndroidManifest.xml:40:22-81
uses-permission#android.permission.WRITE_EXTERNAL_STORAGE
ADDED from as\NBD\AndroidManifest.xml:42:5-80
	android:name
		ADDED from as\NBD\AndroidManifest.xml:42:22-78
uses-permission#android.permission.READ_EXTERNAL_STORAGE
ADDED from as\NBD\AndroidManifest.xml:44:5-79
	android:name
		ADDED from as\NBD\AndroidManifest.xml:44:22-77
uses-permission#android.permission.VIBRATE
ADDED from as\NBD\AndroidManifest.xml:46:5-65
	android:name
		ADDED from as\NBD\AndroidManifest.xml:46:22-63
uses-permission#android.permission.CHANGE_NETWORK_STATE
ADDED from as\NBD\AndroidManifest.xml:48:5-78
	android:name
		ADDED from as\NBD\AndroidManifest.xml:48:22-76
uses-permission#android.permission.CHANGE_WIFI_STATE
ADDED from as\NBD\AndroidManifest.xml:49:5-75
	android:name
		ADDED from as\NBD\AndroidManifest.xml:49:22-73